#
# A fatal error has been detected by the Java Runtime Environment:
#
#  EXCEPTION_ACCESS_VIOLATION (0xc0000005) at pc=0x00007ffb15167871, pid=4920, tid=1320
#
# JRE version: Java(TM) SE Runtime Environment (13.0.2+8) (build 13.0.2+8)
# Java VM: Java HotSpot(TM) 64-Bit Server VM (13.0.2+8, mixed mode, sharing, tiered, compressed oops, g1 gc, windows-amd64)
# Problematic frame:
# V  [jvm.dll+0x527871]
#
# No core dump will be written. Minidumps are not enabled by default on client versions of Windows
#
# If you would like to submit a bug report, please visit:
#   http://bugreport.java.com/bugreport/crash.jsp
#

---------------  S U M M A R Y ------------

Command Line: -agentlib:jdwp=transport=dt_socket,address=127.0.0.1:65379,suspend=y,server=n -ea -Didea.test.cyclic.buffer.size=1048576 -javaagent:C:\Users\HULEI\.IntelliJIdea2019.2\system\captureAgent\debugger-agent.jar -Dfile.encoding=UTF-8 com.intellij.rt.execution.junit.JUnitStarter -ideVersion5 -junit5 fudan.se.lab2.service.AuthServiceTest,submitting

Host: Intel(R) Core(TM) i5-6300U CPU @ 2.40GHz, 4 cores, 7G,  Windows 10 , 64 bit Build 18362 (10.0.18362.329)
Time: Tue Apr  7 20:38:14 2020 ?D1¨²¡À¨º¡Á?¨º¡À?? elapsed time: 2937 seconds (0d 0h 48m 57s)

---------------  T H R E A D  ---------------

Current thread (0x000001a6aa1a0800):  JavaThread "main" [_thread_in_vm, id=1320, stack(0x0000005817600000,0x0000005817700000)]

Stack: [0x0000005817600000,0x0000005817700000],  sp=0x00000058176fb930,  free space=1006k
Native frames: (J=compiled Java code, j=interpreted, Vv=VM code, C=native code)
V  [jvm.dll+0x527871]
V  [jvm.dll+0x37a1b7]
V  [jvm.dll+0x3796ff]
C  0x000001a6b26be78e

Java frames: (J=compiled Java code, j=interpreted, Vv=VM code)
j  fudan.se.lab2.service.AuthService.listToPage(Ljava/util/List;Lorg/springframework/data/domain/Pageable;)Lorg/springframework/data/domain/Page;+61
j  fudan.se.lab2.service.AuthService.submitting(Ljava/lang/String;I)Lcom/alibaba/fastjson/JSONObject;+34
j  fudan.se.lab2.service.AuthService$$FastClassBySpringCGLIB$$45a5577b.invoke(ILjava/lang/Object;[Ljava/lang/Object;)Ljava/lang/Object;+384
j  org.springframework.cglib.proxy.MethodProxy.invoke(Ljava/lang/Object;[Ljava/lang/Object;)Ljava/lang/Object;+19
j  org.springframework.aop.framework.CglibAopProxy$CglibMethodInvocation.invokeJoinpoint()Ljava/lang/Object;+19
j  org.springframework.aop.framework.ReflectiveMethodInvocation.proceed()Ljava/lang/Object;+19
j  org.springframework.aop.framework.CglibAopProxy$CglibMethodInvocation.proceed()Ljava/lang/Object;+1
j  org.springframework.transaction.interceptor.TransactionInterceptor$$Lambda$1189.proceedWithInvocation()Ljava/lang/Object;+4
j  org.springframework.transaction.interceptor.TransactionAspectSupport.invokeWithinTransaction(Ljava/lang/reflect/Method;Ljava/lang/Class;Lorg/springframework/transaction/interceptor/TransactionAspectSupport$InvocationCallback;)Ljava/lang/Object;+131
j  org.springframework.transaction.interceptor.TransactionInterceptor.invoke(Lorg/aopalliance/intercept/MethodInvocation;)Ljava/lang/Object;+42
j  org.springframework.aop.framework.ReflectiveMethodInvocation.proceed()Ljava/lang/Object;+120
j  org.springframework.aop.framework.CglibAopProxy$CglibMethodInvocation.proceed()Ljava/lang/Object;+1
j  org.springframework.aop.framework.CglibAopProxy$DynamicAdvisedInterceptor.intercept(Ljava/lang/Object;Ljava/lang/reflect/Method;[Ljava/lang/Object;Lorg/springframework/cglib/proxy/MethodProxy;)Ljava/lang/Object;+133
j  fudan.se.lab2.service.AuthService$$EnhancerBySpringCGLIB$$3224fa78.submitting(Ljava/lang/String;I)Lcom/alibaba/fastjson/JSONObject;+48
j  fudan.se.lab2.service.AuthServiceTest.submitting()V+35
v  ~StubRoutines::call_stub
J 2384  jdk.internal.reflect.NativeMethodAccessorImpl.invoke0(Ljava/lang/reflect/Method;Ljava/lang/Object;[Ljava/lang/Object;)Ljava/lang/Object; java.base@13.0.2 (0 bytes) @ 0x000001a6ba28594f [0x000001a6ba2858c0+0x000000000000008f]
J 2383 c1 jdk.internal.reflect.NativeMethodAccessorImpl.invoke(Ljava/lang/Object;[Ljava/lang/Object;)Ljava/lang/Object; java.base@13.0.2 (104 bytes) @ 0x000001a6b31899a4 [0x000001a6b3188cc0+0x0000000000000ce4]
J 4528 c2 java.lang.reflect.Method.invoke(Ljava/lang/Object;[Ljava/lang/Object;)Ljava/lang/Object; java.base@13.0.2 (65 bytes) @ 0x000001a6ba428a5c [0x000001a6ba428900+0x000000000000015c]
j  org.junit.platform.commons.util.ReflectionUtils.invokeMethod(Ljava/lang/reflect/Method;Ljava/lang/Object;[Ljava/lang/Object;)Ljava/lang/Object;+41
j  org.junit.jupiter.engine.execution.MethodInvocation.proceed()Ljava/lang/Object;+16
j  org.junit.jupiter.engine.execution.InvocationInterceptorChain$ValidatingInvocation.proceed()Ljava/lang/Object;+22
j  org.junit.jupiter.engine.extension.TimeoutExtension.intercept(Lorg/junit/jupiter/api/extension/InvocationInterceptor$Invocation;Lorg/junit/jupiter/api/extension/ReflectiveInvocationContext;Lorg/junit/jupiter/api/extension/ExtensionContext;Lorg/junit/jupiter/engine/extension/TimeoutDuration;Lorg/junit/jupiter/engine/extension/TimeoutExtension$TimeoutProvider;)Ljava/lang/Object;+28
j  org.junit.jupiter.engine.extension.TimeoutExtension.interceptTestableMethod(Lorg/junit/jupiter/api/extension/InvocationInterceptor$Invocation;Lorg/junit/jupiter/api/extension/ReflectiveInvocationContext;Lorg/junit/jupiter/api/extension/ExtensionContext;Lorg/junit/jupiter/engine/extension/TimeoutExtension$TimeoutProvider;)Ljava/lang/Object;+31
j  org.junit.jupiter.engine.extension.TimeoutExtension.interceptTestMethod(Lorg/junit/jupiter/api/extension/InvocationInterceptor$Invocation;Lorg/junit/jupiter/api/extension/ReflectiveInvocationContext;Lorg/junit/jupiter/api/extension/ExtensionContext;)V+9
j  org.junit.jupiter.engine.descriptor.TestMethodTestDescriptor$$Lambda$146.apply(Lorg/junit/jupiter/api/extension/InvocationInterceptor;Lorg/junit/jupiter/api/extension/InvocationInterceptor$Invocation;Lorg/junit/jupiter/api/extension/ReflectiveInvocationContext;Lorg/junit/jupiter/api/extension/ExtensionContext;)V+5
j  org.junit.jupiter.engine.execution.ExecutableInvoker$ReflectiveInterceptorCall.lambda$ofVoidMethod$0(Lorg/junit/jupiter/engine/execution/ExecutableInvoker$ReflectiveInterceptorCall$VoidMethodInterceptorCall;Lorg/junit/jupiter/api/extension/InvocationInterceptor;Lorg/junit/jupiter/api/extension/InvocationInterceptor$Invocation;Lorg/junit/jupiter/api/extension/ReflectiveInvocationContext;Lorg/junit/jupiter/api/extension/ExtensionContext;)Ljava/lang/Void;+6
j  org.junit.jupiter.engine.execution.ExecutableInvoker$ReflectiveInterceptorCall$$Lambda$147.apply(Lorg/junit/jupiter/api/extension/InvocationInterceptor;Lorg/junit/jupiter/api/extension/InvocationInterceptor$Invocation;Lorg/junit/jupiter/api/extension/ReflectiveInvocationContext;Lorg/junit/jupiter/api/extension/ExtensionContext;)Ljava/lang/Object;+9
j  org.junit.jupiter.engine.execution.ExecutableInvoker.lambda$invoke$0(Lorg/junit/jupiter/engine/execution/ExecutableInvoker$ReflectiveInterceptorCall;Lorg/junit/jupiter/api/extension/ReflectiveInvocationContext;Lorg/junit/jupiter/api/extension/ExtensionContext;Lorg/junit/jupiter/api/extension/InvocationInterceptor;Lorg/junit/jupiter/api/extension/InvocationInterceptor$Invocation;)Ljava/lang/Object;+6
j  org.junit.jupiter.engine.execution.ExecutableInvoker$$Lambda$362.apply(Lorg/junit/jupiter/api/extension/InvocationInterceptor;Lorg/junit/jupiter/api/extension/InvocationInterceptor$Invocation;)Ljava/lang/Object;+14
j  org.junit.jupiter.engine.execution.InvocationInterceptorChain$InterceptedInvocation.proceed()Ljava/lang/Object;+12
j  org.junit.jupiter.engine.execution.InvocationInterceptorChain.proceed(Lorg/junit/jupiter/api/extension/InvocationInterceptor$Invocation;)Ljava/lang/Object;+1
j  org.junit.jupiter.engine.execution.InvocationInterceptorChain.chainAndInvoke(Lorg/junit/jupiter/api/extension/InvocationInterceptor$Invocation;Lorg/junit/jupiter/engine/execution/InvocationInterceptorChain$InterceptorCall;Ljava/util/List;)Ljava/lang/Object;+24
j  org.junit.jupiter.engine.execution.InvocationInterceptorChain.invoke(Lorg/junit/jupiter/api/extension/InvocationInterceptor$Invocation;Lorg/junit/jupiter/engine/extension/ExtensionRegistry;Lorg/junit/jupiter/engine/execution/InvocationInterceptorChain$InterceptorCall;)Ljava/lang/Object;+31
j  org.junit.jupiter.engine.execution.ExecutableInvoker.invoke(Lorg/junit/jupiter/api/extension/InvocationInterceptor$Invocation;Lorg/junit/jupiter/api/extension/ReflectiveInvocationContext;Lorg/junit/jupiter/api/extension/ExtensionContext;Lorg/junit/jupiter/engine/extension/ExtensionRegistry;Lorg/junit/jupiter/engine/execution/ExecutableInvoker$ReflectiveInterceptorCall;)Ljava/lang/Object;+15
j  org.junit.jupiter.engine.execution.ExecutableInvoker.invoke(Ljava/lang/reflect/Method;Ljava/lang/Object;Lorg/junit/jupiter/api/extension/ExtensionContext;Lorg/junit/jupiter/engine/extension/ExtensionRegistry;Lorg/junit/jupiter/engine/execution/ExecutableInvoker$ReflectiveInterceptorCall;)Ljava/lang/Object;+56
j  org.junit.jupiter.engine.descriptor.TestMethodTestDescriptor.lambda$invokeTestMethod$6(Lorg/junit/jupiter/api/extension/ExtensionContext;Lorg/junit/jupiter/engine/execution/JupiterEngineExecutionContext;)V+28
j  org.junit.jupiter.engine.descriptor.TestMethodTestDescriptor$$Lambda$1174.execute()V+12
j  org.junit.platform.engine.support.hierarchical.ThrowableCollector.execute(Lorg/junit/platform/engine/support/hierarchical/ThrowableCollector$Executable;)V+1
j  org.junit.jupiter.engine.descriptor.TestMethodTestDescriptor.invokeTestMethod(Lorg/junit/jupiter/engine/execution/JupiterEngineExecutionContext;Lorg/junit/platform/engine/support/hierarchical/Node$DynamicTestExecutor;)V+21
j  org.junit.jupiter.engine.descriptor.TestMethodTestDescriptor.execute(Lorg/junit/jupiter/engine/execution/JupiterEngineExecutionContext;Lorg/junit/platform/engine/support/hierarchical/Node$DynamicTestExecutor;)Lorg/junit/jupiter/engine/execution/JupiterEngineExecutionContext;+44
j  org.junit.jupiter.engine.descriptor.TestMethodTestDescriptor.execute(Lorg/junit/platform/engine/support/hierarchical/EngineExecutionContext;Lorg/junit/platform/engine/support/hierarchical/Node$DynamicTestExecutor;)Lorg/junit/platform/engine/support/hierarchical/EngineExecutionContext;+6
j  org.junit.platform.engine.support.hierarchical.NodeTestTask.lambda$executeRecursively$5()V+79
j  org.junit.platform.engine.support.hierarchical.NodeTestTask$$Lambda$225.execute()V+4
j  org.junit.platform.engine.support.hierarchical.ThrowableCollector.execute(Lorg/junit/platform/engine/support/hierarchical/ThrowableCollector$Executable;)V+1
j  org.junit.platform.engine.support.hierarchical.NodeTestTask.lambda$executeRecursively$7(Lorg/junit/platform/engine/support/hierarchical/EngineExecutionContext;)V+15
j  org.junit.platform.engine.support.hierarchical.NodeTestTask$$Lambda$224.invoke(Lorg/junit/platform/engine/support/hierarchical/EngineExecutionContext;)V+5
j  org.junit.platform.engine.support.hierarchical.Node.around(Lorg/junit/platform/engine/support/hierarchical/EngineExecutionContext;Lorg/junit/platform/engine/support/hierarchical/Node$Invocation;)V+2
j  org.junit.platform.engine.support.hierarchical.NodeTestTask.lambda$executeRecursively$8()V+14
j  org.junit.platform.engine.support.hierarchical.NodeTestTask$$Lambda$223.execute()V+4
j  org.junit.platform.engine.support.hierarchical.ThrowableCollector.execute(Lorg/junit/platform/engine/support/hierarchical/ThrowableCollector$Executable;)V+1
j  org.junit.platform.engine.support.hierarchical.NodeTestTask.executeRecursively()V+31
j  org.junit.platform.engine.support.hierarchical.NodeTestTask.execute()V+55
j  org.junit.platform.engine.support.hierarchical.SameThreadHierarchicalTestExecutorService$$Lambda$229.accept(Ljava/lang/Object;)V+4
j  java.util.ArrayList.forEach(Ljava/util/function/Consumer;)V+46 java.base@13.0.2
j  org.junit.platform.engine.support.hierarchical.SameThreadHierarchicalTestExecutorService.invokeAll(Ljava/util/List;)V+6
j  org.junit.platform.engine.support.hierarchical.NodeTestTask.lambda$executeRecursively$5()V+116
j  org.junit.platform.engine.support.hierarchical.NodeTestTask$$Lambda$225.execute()V+4
j  org.junit.platform.engine.support.hierarchical.ThrowableCollector.execute(Lorg/junit/platform/engine/support/hierarchical/ThrowableCollector$Executable;)V+1
j  org.junit.platform.engine.support.hierarchical.NodeTestTask.lambda$executeRecursively$7(Lorg/junit/platform/engine/support/hierarchical/EngineExecutionContext;)V+15
j  org.junit.platform.engine.support.hierarchical.NodeTestTask$$Lambda$224.invoke(Lorg/junit/platform/engine/support/hierarchical/EngineExecutionContext;)V+5
j  org.junit.platform.engine.support.hierarchical.Node.around(Lorg/junit/platform/engine/support/hierarchical/EngineExecutionContext;Lorg/junit/platform/engine/support/hierarchical/Node$Invocation;)V+2
j  org.junit.platform.engine.support.hierarchical.NodeTestTask.lambda$executeRecursively$8()V+14
j  org.junit.platform.engine.support.hierarchical.NodeTestTask$$Lambda$223.execute()V+4
j  org.junit.platform.engine.support.hierarchical.ThrowableCollector.execute(Lorg/junit/platform/engine/support/hierarchical/ThrowableCollector$Executable;)V+1
j  org.junit.platform.engine.support.hierarchical.NodeTestTask.executeRecursively()V+31
j  org.junit.platform.engine.support.hierarchical.NodeTestTask.execute()V+55
j  org.junit.platform.engine.support.hierarchical.SameThreadHierarchicalTestExecutorService$$Lambda$229.accept(Ljava/lang/Object;)V+4
j  java.util.ArrayList.forEach(Ljava/util/function/Consumer;)V+46 java.base@13.0.2
j  org.junit.platform.engine.support.hierarchical.SameThreadHierarchicalTestExecutorService.invokeAll(Ljava/util/List;)V+6
j  org.junit.platform.engine.support.hierarchical.NodeTestTask.lambda$executeRecursively$5()V+116
j  org.junit.platform.engine.support.hierarchical.NodeTestTask$$Lambda$225.execute()V+4
j  org.junit.platform.engine.support.hierarchical.ThrowableCollector.execute(Lorg/junit/platform/engine/support/hierarchical/ThrowableCollector$Executable;)V+1
j  org.junit.platform.engine.support.hierarchical.NodeTestTask.lambda$executeRecursively$7(Lorg/junit/platform/engine/support/hierarchical/EngineExecutionContext;)V+15
j  org.junit.platform.engine.support.hierarchical.NodeTestTask$$Lambda$224.invoke(Lorg/junit/platform/engine/support/hierarchical/EngineExecutionContext;)V+5
j  org.junit.platform.engine.support.hierarchical.Node.around(Lorg/junit/platform/engine/support/hierarchical/EngineExecutionContext;Lorg/junit/platform/engine/support/hierarchical/Node$Invocation;)V+2
j  org.junit.platform.engine.support.hierarchical.NodeTestTask.lambda$executeRecursively$8()V+14
j  org.junit.platform.engine.support.hierarchical.NodeTestTask$$Lambda$223.execute()V+4
j  org.junit.platform.engine.support.hierarchical.ThrowableCollector.execute(Lorg/junit/platform/engine/support/hierarchical/ThrowableCollector$Executable;)V+1
j  org.junit.platform.engine.support.hierarchical.NodeTestTask.executeRecursively()V+31
j  org.junit.platform.engine.support.hierarchical.NodeTestTask.execute()V+55
j  org.junit.platform.engine.support.hierarchical.SameThreadHierarchicalTestExecutorService.submit(Lorg/junit/platform/engine/support/hierarchical/HierarchicalTestExecutorService$TestTask;)Ljava/util/concurrent/Future;+1
j  org.junit.platform.engine.support.hierarchical.HierarchicalTestExecutor.execute()Ljava/util/concurrent/Future;+74
j  org.junit.platform.engine.support.hierarchical.HierarchicalTestEngine.execute(Lorg/junit/platform/engine/ExecutionRequest;)V+31
j  org.junit.platform.launcher.core.DefaultLauncher.execute(Lorg/junit/platform/engine/TestEngine;Lorg/junit/platform/engine/ExecutionRequest;)V+2
j  org.junit.platform.launcher.core.DefaultLauncher.lambda$execute$6(Lorg/junit/platform/launcher/core/InternalTestPlan;Lorg/junit/platform/launcher/core/Root;Lorg/junit/platform/engine/ConfigurationParameters;Lorg/junit/platform/launcher/TestExecutionListener;)V+76
j  org.junit.platform.launcher.core.DefaultLauncher$$Lambda$176.accept(Ljava/lang/Object;)V+20
j  org.junit.platform.launcher.core.DefaultLauncher.withInterceptedStreams(Lorg/junit/platform/engine/ConfigurationParameters;Lorg/junit/platform/launcher/core/TestExecutionListenerRegistry;Ljava/util/function/Consumer;)V+43
j  org.junit.platform.launcher.core.DefaultLauncher.execute(Lorg/junit/platform/launcher/core/InternalTestPlan;[Lorg/junit/platform/launcher/TestExecutionListener;)V+33
j  org.junit.platform.launcher.core.DefaultLauncher.execute(Lorg/junit/platform/launcher/LauncherDiscoveryRequest;[Lorg/junit/platform/launcher/TestExecutionListener;)V+33
j  com.intellij.junit5.JUnit5IdeaTestRunner.startRunnerWithArgs([Ljava/lang/String;Ljava/lang/String;IZ)I+202
j  com.intellij.rt.execution.junit.IdeaTestRunner$Repeater.startRunnerWithArgs(Lcom/intellij/rt/execution/junit/IdeaTestRunner;[Ljava/lang/String;Ljava/util/ArrayList;Ljava/lang/String;IZ)I+22
j  com.intellij.rt.execution.junit.JUnitStarter.prepareStreamsAndStart([Ljava/lang/String;Ljava/lang/String;Ljava/util/ArrayList;Ljava/lang/String;)I+116
j  com.intellij.rt.execution.junit.JUnitStarter.main([Ljava/lang/String;)V+116
v  ~StubRoutines::call_stub

siginfo: EXCEPTION_ACCESS_VIOLATION (0xc0000005), reading address 0x000000000000000e


Register to memory mapping:

RIP=0x00007ffb15167871 jvm.dll
RAX=0x00000058176fba50 is pointing into the stack for thread: 0x000001a6aa1a0800
RBX=0x000001a6aa1a1880 points into unknown readable memory: 06 00 00 00 00 00 00 00
RCX=0x00000058176fb900 is pointing into the stack for thread: 0x000001a6aa1a0800
RDX=0x00000058176fb900 is pointing into the stack for thread: 0x000001a6aa1a0800
RSP=0x00000058176fb930 is pointing into the stack for thread: 0x000001a6aa1a0800
RBP=0x00000058176fba30 is pointing into the stack for thread: 0x000001a6aa1a0800
RSI=0x00000058176fbbf0 is pointing into the stack for thread: 0x000001a6aa1a0800
RDI=0x0000000000000006 is an unknown value
R8 =0x0000000000000025 is an unknown value
R9 =0x000001a6ce140040 is pointing into metadata
R10=0x000001a6c8d46200 is pointing into metadata
R11=0x0 is NULL
R12=0x000001a6aa1a1400 points into unknown readable memory: 00 00 00 00 00 00 00 00
R13=0x00000000000000b9 is an unknown value
R14=0x000001a6aa1a0800 is a thread
R15=0x0 is NULL


Registers:
RAX=0x00000058176fba50, RBX=0x000001a6aa1a1880, RCX=0x00000058176fb900, RDX=0x00000058176fb900
RSP=0x00000058176fb930, RBP=0x00000058176fba30, RSI=0x00000058176fbbf0, RDI=0x0000000000000006
R8 =0x0000000000000025, R9 =0x000001a6ce140040, R10=0x000001a6c8d46200, R11=0x0000000000000000
R12=0x000001a6aa1a1400, R13=0x00000000000000b9, R14=0x000001a6aa1a0800, R15=0x0000000000000000
RIP=0x00007ffb15167871, EFLAGS=0x0000000000010202

Top of Stack: (sp=0x00000058176fb930)
0x00000058176fb930:   000000000000000b 000001a6aa1a1880
0x00000058176fb940:   00000058176fba30 000001a6aa1a18a8
0x00000058176fb950:   000001a6aa1a0800 00007ffb15380964
0x00000058176fb960:   0000000800f084a8 00007ffb14faaba3
0x00000058176fb970:   0000000800f084a8 0000000000000000
0x00000058176fb980:   0000000800f084a8 0000000800f084a8
0x00000058176fb990:   000001a6aa1a0800 000001a6aa1a18a8
0x00000058176fb9a0:   0000000000000011 0000000000000001
0x00000058176fb9b0:   0000000800f084a8 00007ffb14d5148b
0x00000058176fb9c0:   0000000800f084a8 0000000000000000
0x00000058176fb9d0:   00000058176fbac0 000001a6aa1a0800
0x00000058176fb9e0:   00000008013c7078 00007ffb14fa703d
0x00000058176fb9f0:   00000008013c7078 0000000000000000
0x00000058176fba00:   000001a6aa1a0800 000001a6aa1a0800
0x00000058176fba10:   000001a6aa1a18a0 0000000000000011
0x00000058176fba20:   000001a6aa1a0801 000001a6aa1a0800 

Instructions: (pc=0x00007ffb15167871)
0x00007ffb15167771:   48 83 7b 08 00 0f 85 a9 00 00 00 84 c0 0f 85 a1
0x00007ffb15167781:   00 00 00 48 8b d3 48 8d 4d 60 e8 70 3b 1d 00 48
0x00007ffb15167791:   8b cb e8 98 6f da ff 4c 8b 43 08 4d 85 c0 74 75
0x00007ffb151677a1:   80 3d 19 2b 55 00 00 74 16 45 8b 40 08 8b 0d 2c
0x00007ffb151677b1:   d2 4c 00 49 d3 e0 4c 03 05 1a d2 4c 00 eb 04 4d
0x00007ffb151677c1:   8b 40 08 48 8b 15 d5 22 57 00 8b 4a 10 4a 39 14
0x00007ffb151677d1:   01 74 11 83 f9 20 75 4c 49 8b c8 e8 bf 25 fe ff
0x00007ffb151677e1:   84 c0 74 40 48 8b d3 48 8d 4d 60 e8 af 27 bf ff
0x00007ffb151677f1:   48 83 7b 08 00 75 2d 84 c0 75 1a 4c 8b c3 48 8d
0x00007ffb15167801:   4d 60 48 8b d6 e8 55 26 bf ff 48 83 7b 08 00 75
0x00007ffb15167811:   13 84 c0 75 0f 4c 8b c3 48 8d 4d 60 48 8b d6 e8
0x00007ffb15167821:   db 25 bf ff 48 8d 8d c0 00 00 00 e8 6f c8 e1 ff
0x00007ffb15167831:   48 8d 4d 60 e8 66 c8 e1 ff eb 73 4c 8b b5 58 01
0x00007ffb15167841:   00 00 48 8d 4d 20 4d 8b ce 45 8b c2 49 8b d3 e8
0x00007ffb15167851:   db d0 ff ff 49 83 7e 08 00 75 4a 48 85 db 75 04
0x00007ffb15167861:   33 ff eb 25 80 3d 55 2a 55 00 00 48 8b 3b 74 15
0x00007ffb15167871:   8b 7f 08 8b 0d 66 d1 4c 00 48 d3 e7 48 03 3d 54
0x00007ffb15167881:   d1 4c 00 eb 04 48 8b 7f 08 4c 89 74 24 28 4c 8d
0x00007ffb15167891:   4d 20 4c 8b c7 c6 44 24 20 01 48 8b d3 48 8b ce
0x00007ffb151678a1:   e8 0a f3 ff ff 48 8d 4d 40 e8 f1 c7 e1 ff 48 8b
0x00007ffb151678b1:   bc 24 30 02 00 00 4c 8b b4 24 38 02 00 00 4c 8d
0x00007ffb151678c1:   9c 24 20 02 00 00 49 8b 5b 20 49 8b 73 28 49 8b
0x00007ffb151678d1:   e3 5d c3 c2 75 52 00 5b 75 52 00 17 75 52 00 3c
0x00007ffb151678e1:   78 52 00 32 77 52 00 5e 76 52 00 af 78 52 00 00
0x00007ffb151678f1:   01 02 03 04 06 06 06 06 06 06 06 06 06 06 06 06
0x00007ffb15167901:   06 06 06 06 06 06 06 06 06 06 06 06 06 06 06 06
0x00007ffb15167911:   06 06 06 06 06 06 06 06 06 06 06 06 06 06 06 06
0x00007ffb15167921:   06 06 05 cc cc cc cc cc cc cc cc cc cc cc cc 48
0x00007ffb15167931:   89 5c 24 18 55 56 57 41 54 41 55 41 56 41 57 48
0x00007ffb15167941:   8d ac 24 60 ff ff ff 48 81 ec a0 01 00 00 48 8b
0x00007ffb15167951:   05 22 21 50 00 48 33 c4 48 89 85 90 00 00 00 4c
0x00007ffb15167961:   8b 7a 10 33 db 49 8b f1 48 8b fa 4c 8b f1 41 81 


Stack slot to memory mapping:
stack at sp + 0 slots: 0x000000000000000b is an unknown value
stack at sp + 1 slots: 0x000001a6aa1a1880 points into unknown readable memory: 06 00 00 00 00 00 00 00
stack at sp + 2 slots: 0x00000058176fba30 is pointing into the stack for thread: 0x000001a6aa1a0800
stack at sp + 3 slots: 0x000001a6aa1a18a8 points into unknown readable memory: c8 be 04 82 00 00 00 00
stack at sp + 4 slots: 0x000001a6aa1a0800 is a thread
stack at sp + 5 slots: 0x00007ffb15380964 jvm.dll
stack at sp + 6 slots: 0x0000000800f084a8 is a pointer to class: 
org.springframework.data.domain.Page {0x0000000800f084b0}
stack at sp + 7 slots: 0x00007ffb14faaba3 jvm.dll


---------------  P R O C E S S  ---------------

Threads class SMR info:
_java_thread_list=0x000001a6d6af7600, length=12, elements={
0x000001a6aa1a0800, 0x000001a6c86ef000, 0x000001a6c86f2000, 0x000001a6c8f45000,
0x000001a6c8f46000, 0x000001a6c8f47000, 0x000001a6c8f48000, 0x000001a6c873c800,
0x000001a6c86d0000, 0x000001a6c9156000, 0x000001a6c9337800, 0x000001a6cbbb1800
}

Java Threads: ( => current thread )
=>0x000001a6aa1a0800 JavaThread "main" [_thread_in_vm, id=1320, stack(0x0000005817600000,0x0000005817700000)]
  0x000001a6c86ef000 JavaThread "Reference Handler" daemon [_thread_blocked, id=9228, stack(0x0000005817d00000,0x0000005817e00000)]
  0x000001a6c86f2000 JavaThread "Finalizer" daemon [_thread_blocked, id=4528, stack(0x0000005817e00000,0x0000005817f00000)]
  0x000001a6c8f45000 JavaThread "Signal Dispatcher" daemon [_thread_blocked, id=10792, stack(0x0000005817f00000,0x0000005818000000)]
  0x000001a6c8f46000 JavaThread "Attach Listener" daemon [_thread_blocked, id=3824, stack(0x0000005818000000,0x0000005818100000)]
  0x000001a6c8f47000 JavaThread "C2 CompilerThread0" daemon [_thread_blocked, id=13192, stack(0x0000005818100000,0x0000005818200000)]
  0x000001a6c8f48000 JavaThread "C1 CompilerThread0" daemon [_thread_blocked, id=21056, stack(0x0000005818200000,0x0000005818300000)]
  0x000001a6c873c800 JavaThread "Sweeper thread" daemon [_thread_blocked, id=9060, stack(0x0000005818300000,0x0000005818400000)]
  0x000001a6c86d0000 JavaThread "Common-Cleaner" daemon [_thread_blocked, id=20388, stack(0x0000005818400000,0x0000005818500000)]
  0x000001a6c9156000 JavaThread "JDWP Event Helper Thread" daemon [_thread_blocked, id=20372, stack(0x0000005818600000,0x0000005818700000)]
  0x000001a6c9337800 JavaThread "Service Thread" daemon [_thread_blocked, id=18480, stack(0x0000005818800000,0x0000005818900000)]
  0x000001a6cbbb1800 JavaThread "Abandoned connection cleanup thread" daemon [_thread_blocked, id=4988, stack(0x0000005818c00000,0x0000005818d00000)]

Other Threads:
  0x000001a6c86e9000 VMThread "VM Thread" [stack: 0x0000005817c00000,0x0000005817d00000] [id=19472]
  0x000001a6c963c000 WatcherThread [stack: 0x0000005818900000,0x0000005818a00000] [id=16984]
  0x000001a6aa1e6000 GCTaskThread "GC Thread#0" [stack: 0x0000005817700000,0x0000005817800000] [id=21300]
  0x000001a6c970e000 GCTaskThread "GC Thread#1" [stack: 0x0000005818a00000,0x0000005818b00000] [id=13716]
  0x000001a6c970f000 GCTaskThread "GC Thread#2" [stack: 0x0000005818b00000,0x0000005818c00000] [id=12044]
  0x000001a6c9f95000 GCTaskThread "GC Thread#3" [stack: 0x0000005818e00000,0x0000005818f00000] [id=16128]
  0x000001a6aa1f7000 ConcurrentGCThread "G1 Main Marker" [stack: 0x0000005817800000,0x0000005817900000] [id=7544]
  0x000001a6aa1f8800 ConcurrentGCThread "G1 Conc#0" [stack: 0x0000005817900000,0x0000005817a00000] [id=20760]
  0x000001a6c8564800 ConcurrentGCThread "G1 Refine#0" [stack: 0x0000005817a00000,0x0000005817b00000] [id=20696]
  0x000001a6c8567000 ConcurrentGCThread "G1 Young RemSet Sampling" [stack: 0x0000005817b00000,0x0000005817c00000] [id=2552]

Threads with active compile tasks:

VM state:not at safepoint (normal execution)

VM Mutex/Monitor currently owned by a thread: None

Heap address: 0x0000000081200000, size: 2030 MB, Compressed Oops mode: 32-bit
Narrow klass base: 0x0000000800000000, Narrow klass shift: 3
Compressed class space size: 1073741824 Address: 0x0000000800b40000

Heap:
 garbage-first heap   total 78848K, used 42807K [0x0000000081200000, 0x0000000100000000)
  region size 1024K, 15 young (15360K), 3 survivors (3072K)
 Metaspace       used 60382K, capacity 62215K, committed 62492K, reserved 1103872K
  class space    used 8067K, capacity 8786K, committed 8908K, reserved 1048576K
Heap Regions: E=young(eden), S=young(survivor), O=old, HS=humongous(starts), HC=humongous(continues), CS=collection set, F=free, A=archive, TAMS=top-at-mark-start (previous, next)
|   0|0x0000000081200000, 0x0000000081300000, 0x0000000081300000|100%|HS|  |TAMS 0x0000000081300000, 0x0000000081200000| Complete 
|   1|0x0000000081300000, 0x0000000081400000, 0x0000000081400000|100%| O|  |TAMS 0x0000000081400000, 0x0000000081300000| Untracked 
|   2|0x0000000081400000, 0x0000000081500000, 0x0000000081500000|100%| O|  |TAMS 0x0000000081500000, 0x0000000081400000| Untracked 
|   3|0x0000000081500000, 0x0000000081600000, 0x0000000081600000|100%| O|  |TAMS 0x0000000081600000, 0x0000000081500000| Untracked 
|   4|0x0000000081600000, 0x000000008166ca00, 0x0000000081700000| 42%| O|  |TAMS 0x000000008166ca00, 0x0000000081600000| Complete 
|   5|0x0000000081700000, 0x0000000081800000, 0x0000000081800000|100%| O|  |TAMS 0x0000000081800000, 0x0000000081700000| Untracked 
|   6|0x0000000081800000, 0x0000000081900000, 0x0000000081900000|100%| O|  |TAMS 0x0000000081900000, 0x0000000081800000| Untracked 
|   7|0x0000000081900000, 0x0000000081a00000, 0x0000000081a00000|100%| O|  |TAMS 0x0000000081a00000, 0x0000000081900000| Untracked 
|   8|0x0000000081a00000, 0x0000000081b00000, 0x0000000081b00000|100%| O|  |TAMS 0x0000000081b00000, 0x0000000081a00000| Complete 
|   9|0x0000000081b00000, 0x0000000081c00000, 0x0000000081c00000|100%| O|  |TAMS 0x0000000081c00000, 0x0000000081b00000| Untracked 
|  10|0x0000000081c00000, 0x0000000081d00000, 0x0000000081d00000|100%| O|  |TAMS 0x0000000081d00000, 0x0000000081c00000| Untracked 
|  11|0x0000000081d00000, 0x0000000081e00000, 0x0000000081e00000|100%| O|  |TAMS 0x0000000081e00000, 0x0000000081d00000| Untracked 
|  12|0x0000000081e00000, 0x0000000081f00000, 0x0000000081f00000|100%| O|  |TAMS 0x0000000081f00000, 0x0000000081e00000| Complete 
|  13|0x0000000081f00000, 0x0000000082000000, 0x0000000082000000|100%| O|  |TAMS 0x0000000082000000, 0x0000000081f00000| Untracked 
|  14|0x0000000082000000, 0x0000000082100000, 0x0000000082100000|100%| O|  |TAMS 0x0000000082100000, 0x0000000082000000| Complete 
|  15|0x0000000082100000, 0x0000000082200000, 0x0000000082200000|100%| O|  |TAMS 0x0000000082200000, 0x0000000082100000| Complete 
|  16|0x0000000082200000, 0x0000000082300000, 0x0000000082300000|100%| O|  |TAMS 0x0000000082300000, 0x0000000082200000| Complete 
|  17|0x0000000082300000, 0x0000000082400000, 0x0000000082400000|100%| O|  |TAMS 0x0000000082400000, 0x0000000082300000| Untracked 
|  18|0x0000000082400000, 0x0000000082500000, 0x0000000082500000|100%| O|  |TAMS 0x0000000082500000, 0x0000000082400000| Untracked 
|  19|0x0000000082500000, 0x0000000082600000, 0x0000000082600000|100%| O|  |TAMS 0x0000000082600000, 0x0000000082500000| Untracked 
|  20|0x0000000082600000, 0x0000000082700000, 0x0000000082700000|100%| O|  |TAMS 0x0000000082700000, 0x0000000082600000| Complete 
|  21|0x0000000082700000, 0x0000000082800000, 0x0000000082800000|100%| O|  |TAMS 0x0000000082800000, 0x0000000082700000| Untracked 
|  22|0x0000000082800000, 0x0000000082900000, 0x0000000082900000|100%| O|  |TAMS 0x0000000082900000, 0x0000000082800000| Complete 
|  23|0x0000000082900000, 0x0000000082a00000, 0x0000000082a00000|100%| O|  |TAMS 0x0000000082a00000, 0x0000000082900000| Complete 
|  24|0x0000000082a00000, 0x0000000082b00000, 0x0000000082b00000|100%| O|  |TAMS 0x0000000082b00000, 0x0000000082a00000| Complete 
|  25|0x0000000082b00000, 0x0000000082c00000, 0x0000000082c00000|100%| O|  |TAMS 0x0000000082c00000, 0x0000000082b00000| Complete 
|  26|0x0000000082c00000, 0x0000000082d00000, 0x0000000082d00000|100%| O|  |TAMS 0x0000000082d00000, 0x0000000082c00000| Complete 
|  27|0x0000000082d00000, 0x0000000082e00000, 0x0000000082e00000|100%| O|  |TAMS 0x0000000082d00000, 0x0000000082d00000| Untracked 
|  28|0x0000000082e00000, 0x0000000082e78a00, 0x0000000082f00000| 47%| O|  |TAMS 0x0000000082e00000, 0x0000000082e00000| Untracked 
|  29|0x0000000082f00000, 0x0000000082f00000, 0x0000000083000000|  0%| F|  |TAMS 0x0000000082f00000, 0x0000000082f00000| Untracked 
|  30|0x0000000083000000, 0x0000000083000000, 0x0000000083100000|  0%| F|  |TAMS 0x0000000083000000, 0x0000000083000000| Untracked 
|  31|0x0000000083100000, 0x0000000083100000, 0x0000000083200000|  0%| F|  |TAMS 0x0000000083100000, 0x0000000083100000| Untracked 
|  32|0x0000000083200000, 0x0000000083200000, 0x0000000083300000|  0%| F|  |TAMS 0x0000000083200000, 0x0000000083200000| Untracked 
|  33|0x0000000083300000, 0x0000000083300000, 0x0000000083400000|  0%| F|  |TAMS 0x0000000083300000, 0x0000000083300000| Untracked 
|  34|0x0000000083400000, 0x0000000083400000, 0x0000000083500000|  0%| F|  |TAMS 0x0000000083400000, 0x0000000083400000| Untracked 
|  35|0x0000000083500000, 0x0000000083500000, 0x0000000083600000|  0%| F|  |TAMS 0x0000000083500000, 0x0000000083500000| Untracked 
|  36|0x0000000083600000, 0x0000000083600000, 0x0000000083700000|  0%| F|  |TAMS 0x0000000083600000, 0x0000000083600000| Untracked 
|  37|0x0000000083700000, 0x0000000083700000, 0x0000000083800000|  0%| F|  |TAMS 0x0000000083700000, 0x0000000083700000| Untracked 
|  38|0x0000000083800000, 0x0000000083800000, 0x0000000083900000|  0%| F|  |TAMS 0x0000000083800000, 0x0000000083800000| Untracked 
|  39|0x0000000083900000, 0x0000000083900000, 0x0000000083a00000|  0%| F|  |TAMS 0x0000000083900000, 0x0000000083900000| Untracked 
|  40|0x0000000083a00000, 0x0000000083a00000, 0x0000000083b00000|  0%| F|  |TAMS 0x0000000083a00000, 0x0000000083a00000| Untracked 
|  41|0x0000000083b00000, 0x0000000083b00000, 0x0000000083c00000|  0%| F|  |TAMS 0x0000000083b00000, 0x0000000083b00000| Untracked 
|  42|0x0000000083c00000, 0x0000000083ce8848, 0x0000000083d00000| 90%| S|CS|TAMS 0x0000000083c00000, 0x0000000083c00000| Complete 
|  43|0x0000000083d00000, 0x0000000083d00000, 0x0000000083e00000|  0%| F|  |TAMS 0x0000000083d00000, 0x0000000083d00000| Untracked 
|  44|0x0000000083e00000, 0x0000000083e00000, 0x0000000083f00000|  0%| F|  |TAMS 0x0000000083e00000, 0x0000000083e00000| Untracked 
|  45|0x0000000083f00000, 0x0000000083f00000, 0x0000000084000000|  0%| F|  |TAMS 0x0000000083f00000, 0x0000000083f00000| Untracked 
|  46|0x0000000084000000, 0x0000000084000000, 0x0000000084100000|  0%| F|  |TAMS 0x0000000084000000, 0x0000000084000000| Untracked 
|  47|0x0000000084100000, 0x0000000084200000, 0x0000000084200000|100%| S|CS|TAMS 0x0000000084100000, 0x0000000084100000| Complete 
|  48|0x0000000084200000, 0x0000000084300000, 0x0000000084300000|100%| S|CS|TAMS 0x0000000084200000, 0x0000000084200000| Complete 
|  49|0x0000000084300000, 0x0000000084300000, 0x0000000084400000|  0%| F|  |TAMS 0x0000000084300000, 0x0000000084300000| Untracked 
|  50|0x0000000084400000, 0x0000000084400000, 0x0000000084500000|  0%| F|  |TAMS 0x0000000084400000, 0x0000000084400000| Untracked 
|  51|0x0000000084500000, 0x0000000084500000, 0x0000000084600000|  0%| F|  |TAMS 0x0000000084500000, 0x0000000084500000| Untracked 
|  52|0x0000000084600000, 0x0000000084600000, 0x0000000084700000|  0%| F|  |TAMS 0x0000000084600000, 0x0000000084600000| Untracked 
|  53|0x0000000084700000, 0x0000000084700000, 0x0000000084800000|  0%| F|  |TAMS 0x0000000084700000, 0x0000000084700000| Untracked 
|  54|0x0000000084800000, 0x0000000084800000, 0x0000000084900000|  0%| F|  |TAMS 0x0000000084800000, 0x0000000084800000| Untracked 
|  55|0x0000000084900000, 0x0000000084900000, 0x0000000084a00000|  0%| F|  |TAMS 0x0000000084900000, 0x0000000084900000| Untracked 
|  56|0x0000000084a00000, 0x0000000084a00000, 0x0000000084b00000|  0%| F|  |TAMS 0x0000000084a00000, 0x0000000084a00000| Untracked 
|  57|0x0000000084b00000, 0x0000000084b00000, 0x0000000084c00000|  0%| F|  |TAMS 0x0000000084b00000, 0x0000000084b00000| Untracked 
|  58|0x0000000084c00000, 0x0000000084c00000, 0x0000000084d00000|  0%| F|  |TAMS 0x0000000084c00000, 0x0000000084c00000| Untracked 
|  59|0x0000000084d00000, 0x0000000084d00000, 0x0000000084e00000|  0%| F|  |TAMS 0x0000000084d00000, 0x0000000084d00000| Untracked 
|  60|0x0000000084e00000, 0x0000000084e00000, 0x0000000084f00000|  0%| F|  |TAMS 0x0000000084e00000, 0x0000000084e00000| Untracked 
|  61|0x0000000084f00000, 0x0000000084f00000, 0x0000000085000000|  0%| F|  |TAMS 0x0000000084f00000, 0x0000000084f00000| Untracked 
|  62|0x0000000085000000, 0x0000000085000000, 0x0000000085100000|  0%| F|  |TAMS 0x0000000085000000, 0x0000000085000000| Untracked 
|  63|0x0000000085100000, 0x0000000085100000, 0x0000000085200000|  0%| F|  |TAMS 0x0000000085100000, 0x0000000085100000| Untracked 
|  64|0x0000000085200000, 0x0000000085200000, 0x0000000085300000|  0%| F|  |TAMS 0x0000000085200000, 0x0000000085200000| Untracked 
|  65|0x0000000085300000, 0x000000008534d668, 0x0000000085400000| 30%| E|  |TAMS 0x0000000085300000, 0x0000000085300000| Complete 
|  66|0x0000000085400000, 0x0000000085500000, 0x0000000085500000|100%| E|CS|TAMS 0x0000000085400000, 0x0000000085400000| Complete 
|  67|0x0000000085500000, 0x0000000085600000, 0x0000000085600000|100%| E|CS|TAMS 0x0000000085500000, 0x0000000085500000| Complete 
|  68|0x0000000085600000, 0x0000000085700000, 0x0000000085700000|100%| E|CS|TAMS 0x0000000085600000, 0x0000000085600000| Complete 
|  69|0x0000000085700000, 0x0000000085800000, 0x0000000085800000|100%| E|CS|TAMS 0x0000000085700000, 0x0000000085700000| Complete 
|  70|0x0000000085800000, 0x0000000085900000, 0x0000000085900000|100%| E|CS|TAMS 0x0000000085800000, 0x0000000085800000| Complete 
|  71|0x0000000085900000, 0x0000000085a00000, 0x0000000085a00000|100%| E|CS|TAMS 0x0000000085900000, 0x0000000085900000| Complete 
|  72|0x0000000085a00000, 0x0000000085b00000, 0x0000000085b00000|100%| E|CS|TAMS 0x0000000085a00000, 0x0000000085a00000| Complete 
|  73|0x0000000085b00000, 0x0000000085c00000, 0x0000000085c00000|100%| E|CS|TAMS 0x0000000085b00000, 0x0000000085b00000| Complete 
|  74|0x0000000085c00000, 0x0000000085d00000, 0x0000000085d00000|100%| E|CS|TAMS 0x0000000085c00000, 0x0000000085c00000| Complete 
|  75|0x0000000085d00000, 0x0000000085e00000, 0x0000000085e00000|100%| E|CS|TAMS 0x0000000085d00000, 0x0000000085d00000| Complete 
| 127|0x0000000089100000, 0x0000000089200000, 0x0000000089200000|100%| E|CS|TAMS 0x0000000089100000, 0x0000000089100000| Complete 

Card table byte_map: [0x000001a6c1a90000,0x000001a6c1e90000] _byte_map_base: 0x000001a6c1687000

Marking Bits (Prev, Next): (CMBitMap*) 0x000001a6aa1e6978, (CMBitMap*) 0x000001a6aa1e6938
 Prev Bits: [0x000001a6c4250000, 0x000001a6c6208000)
 Next Bits: [0x000001a6c2290000, 0x000001a6c4248000)

Polling page: 0x000001a6a7f80000

Metaspace:

Usage:
  Non-class:     52.18 MB capacity,    51.09 MB ( 98%) used,   889.77 KB (  2%) free+waste,   223.44 KB ( <1%) overhead. 
      Class:      8.58 MB capacity,     7.88 MB ( 92%) used,   614.93 KB (  7%) free+waste,   104.00 KB (  1%) overhead. 
       Both:     60.76 MB capacity,    58.97 MB ( 97%) used,     1.47 MB (  2%) free+waste,   327.44 KB ( <1%) overhead. 

Virtual space:
  Non-class space:       54.00 MB reserved,      52.33 MB ( 97%) committed 
      Class space:        1.00 GB reserved,       8.70 MB ( <1%) committed 
             Both:        1.05 GB reserved,      61.03 MB (  6%) committed 

Chunk freelists:
   Non-Class:  27.00 KB
       Class:  14.00 KB
        Both:  41.00 KB

MaxMetaspaceSize: 17179869184.00 GB
CompressedClassSpaceSize: 1.00 GB

CodeHeap 'non-profiled nmethods': size=120000Kb used=3400Kb max_used=3834Kb free=116599Kb
 bounds [0x000001a6ba160000, 0x000001a6ba560000, 0x000001a6c1690000]
CodeHeap 'profiled nmethods': size=120000Kb used=11940Kb max_used=13566Kb free=108059Kb
 bounds [0x000001a6b2c30000, 0x000001a6b3980000, 0x000001a6ba160000]
CodeHeap 'non-nmethods': size=5760Kb used=1408Kb max_used=1479Kb free=4351Kb
 bounds [0x000001a6b2690000, 0x000001a6b2900000, 0x000001a6b2c30000]
 total_blobs=8461 nmethods=5190 adapters=528
 compilation: enabled
              stopped_count=0, restarted_count=0
 full_count=0

Compilation events (20 events):
Event: 1615.300 Thread 0x000001a6c8f47000 6119       4       java.util.regex.Pattern$BmpCharPropertyGreedy::match (89 bytes)
Event: 1615.300 Thread 0x000001a6c8f48000 6120       3       java.util.Formatter$FormatSpecifier::<init> (259 bytes)
Event: 1615.302 Thread 0x000001a6c8f48000 nmethod 6120 0x000001a6b2e5c190 code [0x000001a6b2e5c600, 0x000001a6b2e5e010]
Event: 1615.303 Thread 0x000001a6c8f48000 6121       3       java.util.Formatter$Conversion::isValid (47 bytes)
Event: 1615.304 Thread 0x000001a6c8f48000 nmethod 6121 0x000001a6b2f2ac10 code [0x000001a6b2f2ae00, 0x000001a6b2f2b2f0]
Event: 1615.307 Thread 0x000001a6c8f47000 nmethod 6119 0x000001a6ba2ccd10 code [0x000001a6ba2ccec0, 0x000001a6ba2cd3d8]
Event: 1615.309 Thread 0x000001a6c8f48000 6122       3       java.util.regex.Matcher::reset (128 bytes)
Event: 1615.310 Thread 0x000001a6c8f48000 nmethod 6122 0x000001a6b3447b10 code [0x000001a6b3447d20, 0x000001a6b3448550]
Event: 1615.310 Thread 0x000001a6c8f48000 6123       3       java.util.Formatter$FormatSpecifier::print (238 bytes)
Event: 1615.311 Thread 0x000001a6c8f48000 nmethod 6123 0x000001a6b2d86510 code [0x000001a6b2d867a0, 0x000001a6b2d871f0]
Event: 1615.311 Thread 0x000001a6c8f48000 6124       3       java.util.Formatter$FormatSpecifier::appendJustified (91 bytes)
Event: 1615.312 Thread 0x000001a6c8f48000 nmethod 6124 0x000001a6b31cc510 code [0x000001a6b31cc740, 0x000001a6b31ccfb0]
Event: 1615.327 Thread 0x000001a6c8f48000 6125       1       org.springframework.aop.framework.ReflectiveMethodInvocation::getMethod (5 bytes)
Event: 1615.327 Thread 0x000001a6c8f48000 nmethod 6125 0x000001a6ba44dc90 code [0x000001a6ba44de20, 0x000001a6ba44df58]
Event: 1685.209 Thread 0x000001a6c8f48000 6126       1       org.springframework.aop.framework.AdvisedSupport$MethodCacheKey::hashCode (5 bytes)
Event: 1685.209 Thread 0x000001a6c8f48000 nmethod 6126 0x000001a6ba44d710 code [0x000001a6ba44d8a0, 0x000001a6ba44d9d8]
Event: 1857.629 Thread 0x000001a6c8f48000 6127       3       org.springframework.aop.framework.ReflectiveMethodInvocation::proceed (126 bytes)
Event: 1857.630 Thread 0x000001a6c8f48000 nmethod 6127 0x000001a6b2cdb090 code [0x000001a6b2cdb2e0, 0x000001a6b2cdbef0]
Event: 2214.472 Thread 0x000001a6c8f48000 6128       3       java.util.regex.Matcher::search (154 bytes)
Event: 2214.473 Thread 0x000001a6c8f48000 nmethod 6128 0x000001a6b2fd8390 code [0x000001a6b2fd85a0, 0x000001a6b2fd8db0]

GC Heap History (20 events):
Event: 13.833 GC heap before
{Heap before GC invocations=16 (full 0):
 garbage-first heap   total 54272K, used 39091K [0x0000000081200000, 0x0000000100000000)
  region size 1024K, 23 young (23552K), 3 survivors (3072K)
 Metaspace       used 41615K, capacity 42710K, committed 42908K, reserved 1087488K
  class space    used 5490K, capacity 5927K, committed 5964K, reserved 1048576K
}
Event: 13.840 GC heap after
{Heap after GC invocations=17 (full 0):
 garbage-first heap   total 54272K, used 19324K [0x0000000081200000, 0x0000000100000000)
  region size 1024K, 3 young (3072K), 3 survivors (3072K)
 Metaspace       used 41615K, capacity 42710K, committed 42908K, reserved 1087488K
  class space    used 5490K, capacity 5927K, committed 5964K, reserved 1048576K
}
Event: 14.399 GC heap before
{Heap before GC invocations=17 (full 0):
 garbage-first heap   total 54272K, used 39804K [0x0000000081200000, 0x0000000100000000)
  region size 1024K, 23 young (23552K), 3 survivors (3072K)
 Metaspace       used 44766K, capacity 45912K, committed 45980K, reserved 1089536K
  class space    used 6004K, capacity 6432K, committed 6476K, reserved 1048576K
}
Event: 14.408 GC heap after
{Heap after GC invocations=18 (full 0):
 garbage-first heap   total 65536K, used 20155K [0x0000000081200000, 0x0000000100000000)
  region size 1024K, 2 young (2048K), 2 survivors (2048K)
 Metaspace       used 44766K, capacity 45912K, committed 45980K, reserved 1089536K
  class space    used 6004K, capacity 6432K, committed 6476K, reserved 1048576K
}
Event: 17.391 GC heap before
{Heap before GC invocations=18 (full 0):
 garbage-first heap   total 65536K, used 47803K [0x0000000081200000, 0x0000000100000000)
  region size 1024K, 29 young (29696K), 2 survivors (2048K)
 Metaspace       used 47466K, capacity 48615K, committed 48924K, reserved 1091584K
  class space    used 6354K, capacity 6798K, committed 6860K, reserved 1048576K
}
Event: 17.400 GC heap after
{Heap after GC invocations=19 (full 0):
 garbage-first heap   total 65536K, used 20941K [0x0000000081200000, 0x0000000100000000)
  region size 1024K, 3 young (3072K), 3 survivors (3072K)
 Metaspace       used 47466K, capacity 48615K, committed 48924K, reserved 1091584K
  class space    used 6354K, capacity 6798K, committed 6860K, reserved 1048576K
}
Event: 18.088 GC heap before
{Heap before GC invocations=19 (full 0):
 garbage-first heap   total 65536K, used 48589K [0x0000000081200000, 0x0000000100000000)
  region size 1024K, 30 young (30720K), 3 survivors (3072K)
 Metaspace       used 50942K, capacity 52310K, committed 52508K, reserved 1095680K
  class space    used 6789K, capacity 7316K, committed 7372K, reserved 1048576K
}
Event: 18.097 GC heap after
{Heap after GC invocations=20 (full 0):
 garbage-first heap   total 65536K, used 22442K [0x0000000081200000, 0x0000000100000000)
  region size 1024K, 3 young (3072K), 3 survivors (3072K)
 Metaspace       used 50942K, capacity 52310K, committed 52508K, reserved 1095680K
  class space    used 6789K, capacity 7316K, committed 7372K, reserved 1048576K
}
Event: 18.701 GC heap before
{Heap before GC invocations=20 (full 0):
 garbage-first heap   total 65536K, used 50090K [0x0000000081200000, 0x0000000100000000)
  region size 1024K, 30 young (30720K), 3 survivors (3072K)
 Metaspace       used 52293K, capacity 53676K, committed 53916K, reserved 1095680K
  class space    used 6935K, capacity 7485K, committed 7500K, reserved 1048576K
}
Event: 18.716 GC heap after
{Heap after GC invocations=21 (full 0):
 garbage-first heap   total 65536K, used 24217K [0x0000000081200000, 0x0000000100000000)
  region size 1024K, 4 young (4096K), 4 survivors (4096K)
 Metaspace       used 52293K, capacity 53676K, committed 53916K, reserved 1095680K
  class space    used 6935K, capacity 7485K, committed 7500K, reserved 1048576K
}
Event: 19.210 GC heap before
{Heap before GC invocations=21 (full 0):
 garbage-first heap   total 65536K, used 50841K [0x0000000081200000, 0x0000000100000000)
  region size 1024K, 30 young (30720K), 4 survivors (4096K)
 Metaspace       used 53414K, capacity 54903K, committed 55196K, reserved 1097728K
  class space    used 7107K, capacity 7661K, committed 7756K, reserved 1048576K
}
Event: 19.221 GC heap after
{Heap after GC invocations=22 (full 0):
 garbage-first heap   total 65536K, used 25200K [0x0000000081200000, 0x0000000100000000)
  region size 1024K, 3 young (3072K), 3 survivors (3072K)
 Metaspace       used 53414K, capacity 54903K, committed 55196K, reserved 1097728K
  class space    used 7107K, capacity 7661K, committed 7756K, reserved 1048576K
}
Event: 19.810 GC heap before
{Heap before GC invocations=22 (full 0):
 garbage-first heap   total 65536K, used 51824K [0x0000000081200000, 0x0000000100000000)
  region size 1024K, 29 young (29696K), 3 survivors (3072K)
 Metaspace       used 54407K, capacity 55970K, committed 56092K, reserved 1097728K
  class space    used 7273K, capacity 7868K, committed 7884K, reserved 1048576K
}
Event: 19.823 GC heap after
{Heap after GC invocations=23 (full 0):
 garbage-first heap   total 65536K, used 27049K [0x0000000081200000, 0x0000000100000000)
  region size 1024K, 3 young (3072K), 3 survivors (3072K)
 Metaspace       used 54407K, capacity 55970K, committed 56092K, reserved 1097728K
  class space    used 7273K, capacity 7868K, committed 7884K, reserved 1048576K
}
Event: 20.254 GC heap before
{Heap before GC invocations=23 (full 0):
 garbage-first heap   total 65536K, used 50601K [0x0000000081200000, 0x0000000100000000)
  region size 1024K, 27 young (27648K), 3 survivors (3072K)
 Metaspace       used 55334K, capacity 56940K, committed 57116K, reserved 1097728K
  class space    used 7416K, capacity 8021K, committed 8140K, reserved 1048576K
}
Event: 20.267 GC heap after
{Heap after GC invocations=24 (full 0):
 garbage-first heap   total 78848K, used 29002K [0x0000000081200000, 0x0000000100000000)
  region size 1024K, 4 young (4096K), 4 survivors (4096K)
 Metaspace       used 55334K, capacity 56940K, committed 57116K, reserved 1097728K
  class space    used 7416K, capacity 8021K, committed 8140K, reserved 1048576K
}
Event: 20.849 GC heap before
{Heap before GC invocations=24 (full 0):
 garbage-first heap   total 78848K, used 59722K [0x0000000081200000, 0x0000000100000000)
  region size 1024K, 34 young (34816K), 4 survivors (4096K)
 Metaspace       used 56319K, capacity 57915K, committed 58268K, reserved 1099776K
  class space    used 7542K, capacity 8169K, committed 8268K, reserved 1048576K
}
Event: 20.863 GC heap after
{Heap after GC invocations=25 (full 0):
 garbage-first heap   total 78848K, used 30453K [0x0000000081200000, 0x0000000100000000)
  region size 1024K, 4 young (4096K), 4 survivors (4096K)
 Metaspace       used 56319K, capacity 57915K, committed 58268K, reserved 1099776K
  class space    used 7542K, capacity 8169K, committed 8268K, reserved 1048576K
}
Event: 22.249 GC heap before
{Heap before GC invocations=25 (full 0):
 garbage-first heap   total 78848K, used 58101K [0x0000000081200000, 0x0000000100000000)
  region size 1024K, 32 young (32768K), 4 survivors (4096K)
 Metaspace       used 58575K, capacity 60262K, committed 60316K, reserved 1101824K
  class space    used 7833K, capacity 8478K, committed 8524K, reserved 1048576K
}
Event: 22.263 GC heap after
{Heap after GC invocations=26 (full 0):
 garbage-first heap   total 78848K, used 31543K [0x0000000081200000, 0x0000000100000000)
  region size 1024K, 3 young (3072K), 3 survivors (3072K)
 Metaspace       used 58575K, capacity 60262K, committed 60316K, reserved 1101824K
  class space    used 7833K, capacity 8478K, committed 8524K, reserved 1048576K
}

Deoptimization events (20 events):
Event: 23.591 Thread 0x000001a6aa1a0800 DEOPT PACKING pc=0x000001a6ba334f54 sp=0x00000058176fa900
Event: 23.591 Thread 0x000001a6aa1a0800 DEOPT UNPACKING pc=0x000001a6b26d964e sp=0x00000058176f9d90 mode 1
Event: 23.592 Thread 0x000001a6aa1a0800 DEOPT PACKING pc=0x000001a6ba334f54 sp=0x00000058176fa900
Event: 23.592 Thread 0x000001a6aa1a0800 DEOPT UNPACKING pc=0x000001a6b26d964e sp=0x00000058176f9d90 mode 1
Event: 23.595 Thread 0x000001a6aa1a0800 DEOPT PACKING pc=0x000001a6ba334f54 sp=0x00000058176fa7a0
Event: 23.595 Thread 0x000001a6aa1a0800 DEOPT UNPACKING pc=0x000001a6b26d964e sp=0x00000058176f9c30 mode 1
Event: 23.595 Thread 0x000001a6aa1a0800 DEOPT PACKING pc=0x000001a6ba334f54 sp=0x00000058176fa7a0
Event: 23.595 Thread 0x000001a6aa1a0800 DEOPT UNPACKING pc=0x000001a6b26d964e sp=0x00000058176f9c30 mode 1
Event: 23.599 Thread 0x000001a6aa1a0800 DEOPT PACKING pc=0x000001a6ba334f54 sp=0x00000058176fa840
Event: 23.599 Thread 0x000001a6aa1a0800 DEOPT UNPACKING pc=0x000001a6b26d964e sp=0x00000058176f9cd0 mode 1
Event: 23.599 Thread 0x000001a6aa1a0800 DEOPT PACKING pc=0x000001a6ba334f54 sp=0x00000058176fa840
Event: 23.599 Thread 0x000001a6aa1a0800 DEOPT UNPACKING pc=0x000001a6b26d964e sp=0x00000058176f9cd0 mode 1
Event: 1388.034 Thread 0x000001a6c9125000 Uncommon trap: trap_request=0xffffff45 fr.pc=0x000001a6ba3cdad4 relative=0x0000000000000414
Event: 1388.034 Thread 0x000001a6c9125000 Uncommon trap: reason=unstable_if action=reinterpret pc=0x000001a6ba3cdad4 method=sun.instrument.InstrumentationImpl.transform(Ljava/lang/Module;Ljava/lang/ClassLoader;Ljava/lang/String;Ljava/lang/Class;Ljava/security/ProtectionDomain;[BZ)[B @ 24 c2
Event: 1388.034 Thread 0x000001a6c9125000 DEOPT PACKING pc=0x000001a6ba3cdad4 sp=0x00000058185fe150
Event: 1388.034 Thread 0x000001a6c9125000 DEOPT UNPACKING pc=0x000001a6b26d912f sp=0x00000058185fe1b8 mode 2
Event: 1388.034 Thread 0x000001a6c9125000 Uncommon trap: trap_request=0xffffff45 fr.pc=0x000001a6ba400858 relative=0x0000000000000838
Event: 1388.034 Thread 0x000001a6c9125000 Uncommon trap: reason=unstable_if action=reinterpret pc=0x000001a6ba400858 method=com.intellij.rt.debugger.agent.CaptureAgent$CaptureTransformer.transform(Ljava/lang/ClassLoader;Ljava/lang/String;Ljava/lang/Class;Ljava/security/ProtectionDomain;[B)[B @ 5 
Event: 1388.034 Thread 0x000001a6c9125000 DEOPT PACKING pc=0x000001a6ba400858 sp=0x00000058185fe060
Event: 1388.034 Thread 0x000001a6c9125000 DEOPT UNPACKING pc=0x000001a6b26d912f sp=0x00000058185fe000 mode 2

Classes unloaded (0 events):
No events

Classes redefined (7 events):
Event: 1388.062 Thread 0x000001a6c86e9000 redefined class name=fudan.se.lab2.repository.ConferenceRepository, count=1
Event: 1501.553 Thread 0x000001a6c86e9000 redefined class name=fudan.se.lab2.repository.ConferenceRepository, count=2
Event: 1614.698 Thread 0x000001a6c86e9000 redefined class name=fudan.se.lab2.repository.ConferenceRepository, count=3
Event: 1684.869 Thread 0x000001a6c86e9000 redefined class name=fudan.se.lab2.repository.ConferenceRepository, count=4
Event: 1857.008 Thread 0x000001a6c86e9000 redefined class name=fudan.se.lab2.repository.InvitationRepository, count=1
Event: 2213.965 Thread 0x000001a6c86e9000 redefined class name=fudan.se.lab2.service.AuthService, count=1
Event: 2871.025 Thread 0x000001a6c86e9000 redefined class name=fudan.se.lab2.service.AuthService, count=2

Internal exceptions (20 events):
Event: 21.019 Thread 0x000001a6aa1a0800 Exception <a 'java/lang/ClassNotFoundException'{0x0000000085543be0}: org/springframework/context/EnvironmentAwareCustomizer> (0x0000000085543be0) 
thrown [t:/workspace/open/src/hotspot/share/classfile/systemDictionary.cpp, line 232]
Event: 21.019 Thread 0x000001a6aa1a0800 Exception <a 'java/lang/ClassNotFoundException'{0x0000000085556458}: org/springframework/beans/factory/AwareCustomizer> (0x0000000085556458) 
thrown [t:/workspace/open/src/hotspot/share/classfile/systemDictionary.cpp, line 232]
Event: 21.020 Thread 0x000001a6aa1a0800 Exception <a 'java/lang/ClassNotFoundException'{0x00000000855695f0}: org/springframework/core/env/EnvironmentCapableCustomizer> (0x00000000855695f0) 
thrown [t:/workspace/open/src/hotspot/share/classfile/systemDictionary.cpp, line 232]
Event: 21.021 Thread 0x000001a6aa1a0800 Exception <a 'java/lang/ClassNotFoundException'{0x000000008557e3c0}: org/springframework/web/context/ServletContextAwareCustomizer> (0x000000008557e3c0) 
thrown [t:/workspace/open/src/hotspot/share/classfile/systemDictionary.cpp, line 232]
Event: 21.021 Thread 0x000001a6aa1a0800 Exception <a 'java/lang/ClassNotFoundException'{0x0000000085590f18}: org/springframework/beans/factory/AwareCustomizer> (0x0000000085590f18) 
thrown [t:/workspace/open/src/hotspot/share/classfile/systemDictionary.cpp, line 232]
Event: 21.022 Thread 0x000001a6aa1a0800 Exception <a 'java/lang/ClassNotFoundException'{0x00000000855a4f50}: org/springframework/beans/factory/InitializingBeanCustomizer> (0x00000000855a4f50) 
thrown [t:/workspace/open/src/hotspot/share/classfile/systemDictionary.cpp, line 232]
Event: 21.022 Thread 0x000001a6aa1a0800 Exception <a 'java/lang/ClassNotFoundException'{0x00000000855b8e88}: org/springframework/beans/factory/DisposableBeanCustomizer> (0x00000000855b8e88) 
thrown [t:/workspace/open/src/hotspot/share/classfile/systemDictionary.cpp, line 232]
Event: 21.027 Thread 0x000001a6aa1a0800 Exception <a 'java/lang/ClassNotFoundException'{0x00000000855db5a0}: java/lang/ObjectCustomizer> (0x00000000855db5a0) 
thrown [t:/workspace/open/src/hotspot/share/classfile/systemDictionary.cpp, line 232]
Event: 21.028 Thread 0x000001a6aa1a0800 Exception <a 'java/lang/ClassNotFoundException'{0x00000000855f69b0}: org/springframework/web/multipart/support/StandardServletMultipartResolverCustomizer> (0x00000000855f69b0) 
thrown [t:/workspace/open/src/hotspot/share/classfile/systemDictionary.cpp, line 232]
Event: 21.029 Thread 0x000001a6aa1a0800 Exception <a 'java/lang/ClassNotFoundException'{0x000000008540f338}: org/springframework/web/multipart/MultipartResolverCustomizer> (0x000000008540f338) 
thrown [t:/workspace/open/src/hotspot/share/classfile/systemDictionary.cpp, line 232]
Event: 21.091 Thread 0x000001a6aa1a0800 Exception <a 'java/lang/ClassNotFoundException'{0x0000000085222eb8}: java/lang/ObjectCustomizer> (0x0000000085222eb8) 
thrown [t:/workspace/open/src/hotspot/share/classfile/systemDictionary.cpp, line 232]
Event: 21.091 Thread 0x000001a6aa1a0800 Exception <a 'java/lang/ClassNotFoundException'{0x000000008523d340}: org/springframework/test/context/junit4/AbstractJUnit4SpringContextTestsCustomizer> (0x000000008523d340) 
thrown [t:/workspace/open/src/hotspot/share/classfile/systemDictionary.cpp, line 232]
Event: 21.092 Thread 0x000001a6aa1a0800 Exception <a 'java/lang/ClassNotFoundException'{0x0000000085258528}: org/springframework/test/context/junit4/AbstractTransactionalJUnit4SpringContextTestsCustomizer> (0x0000000085258528) 
thrown [t:/workspace/open/src/hotspot/share/classfile/systemDictionary.cpp, line 232]
Event: 21.093 Thread 0x000001a6aa1a0800 Exception <a 'java/lang/ClassNotFoundException'{0x000000008526cc68}: fudan/se/lab2/service/AuthServiceTestCustomizer> (0x000000008526cc68) 
thrown [t:/workspace/open/src/hotspot/share/classfile/systemDictionary.cpp, line 232]
Event: 21.094 Thread 0x000001a6aa1a0800 Exception <a 'java/lang/ClassNotFoundException'{0x0000000085283fb8}: org/springframework/context/ApplicationContextAwareCustomizer> (0x0000000085283fb8) 
thrown [t:/workspace/open/src/hotspot/share/classfile/systemDictionary.cpp, line 232]
Event: 21.094 Thread 0x000001a6aa1a0800 Exception <a 'java/lang/ClassNotFoundException'{0x0000000085296ab8}: org/springframework/beans/factory/AwareCustomizer> (0x0000000085296ab8) 
thrown [t:/workspace/open/src/hotspot/share/classfile/systemDictionary.cpp, line 232]
Event: 21.931 Thread 0x000001a6aa1a0800 Exception <a 'java/lang/NoSuchMethodError'{0x00000000851edc08}: 'java.lang.Object java.lang.invoke.DirectMethodHandle$Holder.invokeSpecial(java.lang.Object, java.lang.Object, java.lang.Object, java.lang.Object, java.lang.Object, int)'> (0x00000000851edc08) 
thrown [t:/workspace/open/src/hotspot/share/interpreter/linkResolver.cpp, line 767]
Event: 21.931 Thread 0x000001a6aa1a0800 Exception <a 'java/lang/NoSuchMethodError'{0x00000000851f0e98}: 'java.lang.Object java.lang.invoke.Invokers$Holder.linkToTargetMethod(java.lang.Object, java.lang.Object, java.lang.Object, int, java.lang.Object)'> (0x00000000851f0e98) 
thrown [t:/workspace/open/src/hotspot/share/interpreter/linkResolver.cpp, line 767]
Event: 22.027 Thread 0x000001a6aa1a0800 Implicit null exception at 0x000001a6ba3eb0f4 to 0x000001a6ba3eb77e
Event: 22.067 Thread 0x000001a6aa1a0800 Exception <a 'sun/nio/fs/WindowsException'{0x0000000084ad7620}> (0x0000000084ad7620) 
thrown [t:/workspace/open/src/hotspot/share/prims/jni.cpp, line 598]

Events (20 events):
Event: 2872.059 Executing VM operation: GetStackTrace
Event: 2872.059 Executing VM operation: GetStackTrace done
Event: 2872.063 Executing VM operation: GetFrameCount
Event: 2872.064 Executing VM operation: GetFrameCount done
Event: 2872.065 Executing VM operation: GetStackTrace
Event: 2872.065 Executing VM operation: GetStackTrace done
Event: 2937.224 Executing VM operation: ChangeBreakpoints
Event: 2937.228 Executing VM operation: ChangeBreakpoints done
Event: 2937.230 Thread 0x000001a6c90dd800 Thread exited: 0x000001a6c90dd800
Event: 2937.231 Executing VM operation: ChangeBreakpoints
Event: 2937.231 Executing VM operation: ChangeBreakpoints done
Event: 2937.232 Executing VM operation: ChangeBreakpoints
Event: 2937.232 Executing VM operation: ChangeBreakpoints done
Event: 2937.232 Executing VM operation: ChangeBreakpoints
Event: 2937.236 Executing VM operation: ChangeBreakpoints done
Event: 2937.240 loading class org/springframework/data/domain/PageImpl
Event: 2937.241 loading class org/springframework/data/domain/PageImpl done
Event: 2937.277 Thread 0x000001a6c9125000 Thread exited: 0x000001a6c9125000
Event: 2937.281 loading class org/springframework/data/domain/Chunk
Event: 2937.281 loading class org/springframework/data/domain/Chunk done


Dynamic libraries:
0x00007ff7789a0000 - 0x00007ff7789af000 	C:\Program Files\Java\jdk-13.0.2\bin\java.exe
0x00007ffb803e0000 - 0x00007ffb805d0000 	C:\WINDOWS\SYSTEM32\ntdll.dll
0x00007ffb80280000 - 0x00007ffb80332000 	C:\WINDOWS\System32\KERNEL32.DLL
0x00007ffb7dff0000 - 0x00007ffb7e293000 	C:\WINDOWS\System32\KERNELBASE.dll
0x00007ffb7d370000 - 0x00007ffb7d46a000 	C:\WINDOWS\System32\ucrtbase.dll
0x00007ffb64980000 - 0x00007ffb64998000 	C:\Program Files\Java\jdk-13.0.2\bin\jli.dll
0x00007ffb7fa40000 - 0x00007ffb7fae3000 	C:\WINDOWS\System32\ADVAPI32.dll
0x00007ffb7fe30000 - 0x00007ffb7fece000 	C:\WINDOWS\System32\msvcrt.dll
0x00007ffb7fed0000 - 0x00007ffb7ff67000 	C:\WINDOWS\System32\sechost.dll
0x00007ffb80020000 - 0x00007ffb80140000 	C:\WINDOWS\System32\RPCRT4.dll
0x00007ffb7fc30000 - 0x00007ffb7fdc4000 	C:\WINDOWS\System32\USER32.dll
0x00007ffb7d6f0000 - 0x00007ffb7d711000 	C:\WINDOWS\System32\win32u.dll
0x00007ffb7fc00000 - 0x00007ffb7fc26000 	C:\WINDOWS\System32\GDI32.dll
0x00007ffb7e2a0000 - 0x00007ffb7e434000 	C:\WINDOWS\System32\gdi32full.dll
0x00007ffb7def0000 - 0x00007ffb7df8e000 	C:\WINDOWS\System32\msvcp_win.dll
0x00007ffb64960000 - 0x00007ffb64975000 	C:\Program Files\Java\jdk-13.0.2\bin\VCRUNTIME140.dll
0x00007ffb66700000 - 0x00007ffb66985000 	C:\WINDOWS\WinSxS\amd64_microsoft.windows.common-controls_6595b64144ccf1df_6.0.18362.720_none_e6beb5c51314836b\COMCTL32.dll
0x00007ffb7e6c0000 - 0x00007ffb7e9f6000 	C:\WINDOWS\System32\combase.dll
0x00007ffb7d670000 - 0x00007ffb7d6f0000 	C:\WINDOWS\System32\bcryptPrimitives.dll
0x00007ffb68dd0000 - 0x00007ffb68dda000 	C:\WINDOWS\SYSTEM32\VERSION.dll
0x00007ffb7ff70000 - 0x00007ffb7ff9e000 	C:\WINDOWS\System32\IMM32.DLL
0x00007ffb4c240000 - 0x00007ffb4c2db000 	C:\Program Files\Java\jdk-13.0.2\bin\msvcp140.dll
0x00007ffb14c40000 - 0x00007ffb1579d000 	C:\Program Files\Java\jdk-13.0.2\bin\server\jvm.dll
0x00007ffb7f6a0000 - 0x00007ffb7f6a8000 	C:\WINDOWS\System32\PSAPI.DLL
0x00007ffb798b0000 - 0x00007ffb798b9000 	C:\WINDOWS\SYSTEM32\WSOCK32.dll
0x00007ffb7f6b0000 - 0x00007ffb7f71f000 	C:\WINDOWS\System32\WS2_32.dll
0x00007ffb73a70000 - 0x00007ffb73a94000 	C:\WINDOWS\SYSTEM32\WINMM.dll
0x00007ffb73a40000 - 0x00007ffb73a6d000 	C:\WINDOWS\SYSTEM32\WINMMBASE.dll
0x00007ffb7e440000 - 0x00007ffb7e48a000 	C:\WINDOWS\System32\cfgmgr32.dll
0x00007ffb7d350000 - 0x00007ffb7d361000 	C:\WINDOWS\System32\kernel.appcore.dll
0x00007ffb79a90000 - 0x00007ffb79aa0000 	C:\Program Files\Java\jdk-13.0.2\bin\verify.dll
0x00007ffb7bb50000 - 0x00007ffb7bd44000 	C:\WINDOWS\SYSTEM32\DBGHELP.DLL
0x00007ffb690a0000 - 0x00007ffb690ca000 	C:\WINDOWS\SYSTEM32\dbgcore.DLL
0x00007ffb50600000 - 0x00007ffb50626000 	C:\Program Files\Java\jdk-13.0.2\bin\java.dll
0x00007ffb4f730000 - 0x00007ffb4f768000 	C:\Program Files\Java\jdk-13.0.2\bin\jdwp.dll
0x00007ffb73930000 - 0x00007ffb7393e000 	C:\Program Files\Java\jdk-13.0.2\bin\instrument.dll
0x00007ffb619a0000 - 0x00007ffb619b7000 	C:\Program Files\Java\jdk-13.0.2\bin\zip.dll
0x00007ffb787c0000 - 0x00007ffb787ca000 	C:\Program Files\Java\jdk-13.0.2\bin\jimage.dll
0x00007ffb7ea00000 - 0x00007ffb7f0e5000 	C:\WINDOWS\System32\SHELL32.dll
0x00007ffb7faf0000 - 0x00007ffb7fb99000 	C:\WINDOWS\System32\shcore.dll
0x00007ffb7d720000 - 0x00007ffb7dea0000 	C:\WINDOWS\System32\windows.storage.dll
0x00007ffb7d2b0000 - 0x00007ffb7d2d3000 	C:\WINDOWS\System32\profapi.dll
0x00007ffb7d300000 - 0x00007ffb7d34a000 	C:\WINDOWS\System32\powrprof.dll
0x00007ffb7d2a0000 - 0x00007ffb7d2b0000 	C:\WINDOWS\System32\UMPDC.dll
0x00007ffb7fba0000 - 0x00007ffb7fbf2000 	C:\WINDOWS\System32\shlwapi.dll
0x00007ffb7ded0000 - 0x00007ffb7dee7000 	C:\WINDOWS\System32\cryptsp.dll
0x00007ffb6f1f0000 - 0x00007ffb6f1fb000 	C:\Program Files\Java\jdk-13.0.2\bin\dt_socket.dll
0x00007ffb7cb10000 - 0x00007ffb7cb77000 	C:\WINDOWS\system32\mswsock.dll
0x00007ffb5c300000 - 0x00007ffb5c319000 	C:\Program Files\Java\jdk-13.0.2\bin\net.dll
0x00007ffb78a20000 - 0x00007ffb78b11000 	C:\WINDOWS\SYSTEM32\WINHTTP.dll
0x00007ffb586e0000 - 0x00007ffb586f3000 	C:\Program Files\Java\jdk-13.0.2\bin\nio.dll
0x00007ffb64950000 - 0x00007ffb64959000 	C:\Program Files\Java\jdk-13.0.2\bin\management.dll
0x00007ffb61cc0000 - 0x00007ffb61ccb000 	C:\Program Files\Java\jdk-13.0.2\bin\management_ext.dll
0x00007ffb79940000 - 0x00007ffb7995c000 	C:\WINDOWS\system32\NLAapi.dll
0x00007ffb7c820000 - 0x00007ffb7c85a000 	C:\WINDOWS\SYSTEM32\IPHLPAPI.DLL
0x00007ffb61480000 - 0x00007ffb61496000 	C:\WINDOWS\system32\napinsp.dll
0x00007ffb60d30000 - 0x00007ffb60d4a000 	C:\WINDOWS\system32\pnrpnsp.dll
0x00007ffb7c860000 - 0x00007ffb7c92a000 	C:\WINDOWS\SYSTEM32\DNSAPI.dll
0x00007ffb7fa30000 - 0x00007ffb7fa38000 	C:\WINDOWS\System32\NSI.dll
0x00007ffb748f0000 - 0x00007ffb748fe000 	C:\WINDOWS\System32\winrnr.dll
0x00007ffb79470000 - 0x00007ffb79485000 	C:\WINDOWS\system32\wshbth.dll
0x00007ffb763f0000 - 0x00007ffb763fa000 	C:\Windows\System32\rasadhlp.dll
0x00007ffb757c0000 - 0x00007ffb75837000 	C:\WINDOWS\System32\fwpuclnt.dll
0x00007ffb7dea0000 - 0x00007ffb7dec6000 	C:\WINDOWS\System32\bcrypt.dll
0x00007ffb7c620000 - 0x00007ffb7c653000 	C:\WINDOWS\system32\rsaenh.dll
0x00007ffb7d1c0000 - 0x00007ffb7d1e5000 	C:\WINDOWS\SYSTEM32\USERENV.dll
0x00007ffb7cce0000 - 0x00007ffb7ccec000 	C:\WINDOWS\SYSTEM32\CRYPTBASE.dll
0x00007ffb75bb0000 - 0x00007ffb75bc6000 	C:\WINDOWS\SYSTEM32\dhcpcsvc6.DLL
0x00007ffb75b90000 - 0x00007ffb75bac000 	C:\WINDOWS\SYSTEM32\dhcpcsvc.DLL
0x00007ffb2afb0000 - 0x00007ffb2afd5000 	C:\Program Files\Java\jdk-13.0.2\bin\sunec.dll

dbghelp: loaded successfully - version: 4.0.5 - missing functions: none
symbol engine: initialized successfully - sym options: 0x614 - pdb path: .;C:\Program Files\Java\jdk-13.0.2\bin;C:\WINDOWS\SYSTEM32;C:\WINDOWS\WinSxS\amd64_microsoft.windows.common-controls_6595b64144ccf1df_6.0.18362.720_none_e6beb5c51314836b;C:\Program Files\Java\jdk-13.0.2\bin\server

VM Arguments:
jvm_args: -agentlib:jdwp=transport=dt_socket,address=127.0.0.1:65379,suspend=y,server=n -ea -Didea.test.cyclic.buffer.size=1048576 -javaagent:C:\Users\HULEI\.IntelliJIdea2019.2\system\captureAgent\debugger-agent.jar -Dfile.encoding=UTF-8 
java_command: com.intellij.rt.execution.junit.JUnitStarter -ideVersion5 -junit5 fudan.se.lab2.service.AuthServiceTest,submitting
java_class_path (initial): C:\Program Files\JetBrains\IntelliJ IDEA 2019.2.3\lib\idea_rt.jar;C:\Program Files\JetBrains\IntelliJ IDEA 2019.2.3\plugins\junit\lib\junit-rt.jar;C:\Program Files\JetBrains\IntelliJ IDEA 2019.2.3\plugins\junit\lib\junit5-rt.jar;C:\Users\HULEI\.m2\repository\org\junit\platform\junit-platform-launcher\1.5.2\junit-platform-launcher-1.5.2.jar;C:\Users\HULEI\.m2\repository\org\apiguardian\apiguardian-api\1.1.0\apiguardian-api-1.1.0.jar;C:\Users\HULEI\.m2\repository\org\junit\platform\junit-platform-engine\1.5.2\junit-platform-engine-1.5.2.jar;C:\Users\HULEI\.m2\repository\org\opentest4j\opentest4j\1.2.0\opentest4j-1.2.0.jar;C:\Users\HULEI\.m2\repository\org\junit\platform\junit-platform-commons\1.5.2\junit-platform-commons-1.5.2.jar;C:\Users\HULEI\.m2\repository\org\junit\vintage\junit-vintage-engine\5.5.2\junit-vintage-engine-5.5.2.jar;C:\Users\HULEI\.m2\repository\junit\junit\4.12\junit-4.12.jar;C:\Users\HULEI\.m2\repository\org\hamcrest\hamcrest-core\1.3\hamcrest-core-1.3.jar;C:\Users\HULEI\Desktop\back2\back\target\test-classes;C:\Users\HULEI\Desktop\back2\back\target\classes;C:\Users\HULEI\.m2\repository\org\springframework\boot\spring-boot-starter-data-jpa\2.2.5.RELEASE\spring-boot-starter-data-jpa-2.2.5.RELEASE.jar;C:\Users\HULEI\.m2\repository\org\springframework\boot\spring-boot-starter-aop\2.2.5.RELEASE\spring-boot-starter-aop-2.2.5.RELEASE.jar;C:\Users\HULEI\.m2\repository\org\aspectj\aspectjweaver\1.9.5\aspectjweaver-1.9.5.jar;C:\Users\HULEI\.m2\repository\org\springframework\boot\spring-boot-starter-jdbc\2.2.5.RELEASE\spring-boot-starter-jdbc-2.2.5.RELEASE.jar;C:\Users\HULEI\.m2\repository\com\zaxxer\HikariCP\3.4.2\HikariCP-3.4.2.jar;C:\Users\HULEI\.m2\repository\org\springframework\spring-jdbc\5.2.4.RELEASE\spring-jdbc-5.2.4.RELEASE.jar;C:\Users\HULEI\.m2\repository\jakarta\activation\jakarta.activation-api\1.2.2\jakarta.activation-api-1.2.2.jar;C:\Users\HULEI\.m2\repository\jakarta\persistence\jakarta.persistence-api\2.2.3\jak
Launcher Type: SUN_STANDARD

[Global flags]
     intx CICompilerCount                          = 3                                         {product} {ergonomic}
     uint ConcGCThreads                            = 1                                         {product} {ergonomic}
     uint G1ConcRefinementThreads                  = 4                                         {product} {ergonomic}
   size_t G1HeapRegionSize                         = 1048576                                   {product} {ergonomic}
    uintx GCDrainStackTargetSize                   = 64                                        {product} {ergonomic}
   size_t InitialHeapSize                          = 134217728                                 {product} {ergonomic}
   size_t MarkStackSize                            = 4194304                                   {product} {ergonomic}
   size_t MaxHeapSize                              = 2128609280                                {product} {ergonomic}
   size_t MaxNewSize                               = 1277165568                                {product} {ergonomic}
   size_t MinHeapDeltaBytes                        = 1048576                                   {product} {ergonomic}
   size_t MinHeapSize                              = 8388608                                   {product} {ergonomic}
    uintx NonNMethodCodeHeapSize                   = 5832780                                {pd product} {ergonomic}
    uintx NonProfiledCodeHeapSize                  = 122912730                              {pd product} {ergonomic}
    uintx ProfiledCodeHeapSize                     = 122912730                              {pd product} {ergonomic}
    uintx ReservedCodeCacheSize                    = 251658240                              {pd product} {ergonomic}
     bool SegmentedCodeCache                       = true                                      {product} {ergonomic}
   size_t SoftMaxHeapSize                          = 2128609280                             {manageable} {ergonomic}
     bool UseCompressedClassPointers               = true                                 {lp64_product} {ergonomic}
     bool UseCompressedOops                        = true                                 {lp64_product} {ergonomic}
     bool UseG1GC                                  = true                                      {product} {ergonomic}
     bool UseLargePagesIndividualAllocation        = false                                  {pd product} {ergonomic}

Logging:
Log output configuration:
 #0: stdout all=warning uptime,level,tags
 #1: stderr all=off uptime,level,tags

Environment Variables:
JAVA_HOME=C:\Program Files\Java\jdk1.8.0_201
CLASSPATH=.;C:\Program Files\Java\jdk1.8.0_201\lib\dt.jar;C:\Program Files\Java\jdk1.8.0_201\lib\tools.jar 
PATH=C:\Program Files (x86)\Common Files\Oracle\Java\javapath;C:\WINDOWS\system32;C:\WINDOWS;C:\WINDOWS\System32\Wbem;C:\WINDOWS\System32\WindowsPowerShell\v1.0\;C:\WINDOWS\System32\OpenSSH\;C:\Program Files\Java\jdk1.8.0_201\bin;"C:\Program Files\Java\jdk1.8.0_201\jre\bin;";"C:\Program Files (x86)\Calibre2;C:\MinGW\bin;";"C:\Program Files\PuTTY\;";C:\apache-maven-3.6.3-bin\apache-maven-3.6.3\bin;C:\Program Files\nodejs\;C:\Users\HULEI\AppData\Local\Microsoft\WindowsApps;C:\Program Files\JetBrains\WebStorm 2018.3.4\bin;;C:\MinGW\bin;C:\Users\HULEI\AppData\Roaming\npm
USERNAME=HULEI
OS=Windows_NT
PROCESSOR_IDENTIFIER=Intel64 Family 6 Model 78 Stepping 3, GenuineIntel



---------------  S Y S T E M  ---------------

OS: Windows 10 , 64 bit Build 18362 (10.0.18362.329)

CPU:total 4 (initial active 4) (2 cores per cpu, 2 threads per core) family 6 model 78 stepping 3, cmov, cx8, fxsr, mmx, sse, sse2, sse3, ssse3, sse4.1, sse4.2, popcnt, avx, avx2, aes, clmul, erms, rtm, 3dnowpref, lzcnt, ht, tsc, tscinvbit, bmi1, bmi2, adx, fma

Memory: 4k page, system-wide physical 8117M (813M free)
TotalPageFile size 21941M (AvailPageFile size 8950M)
current process WorkingSet (physical memory assigned to process): 129M, peak: 354M
current process commit charge ("private bytes"): 264M, peak: 387M

vm_info: Java HotSpot(TM) 64-Bit Server VM (13.0.2+8) for windows-amd64 JRE (13.0.2+8), built on Dec 11 2019 09:20:33 by "mach5one" with unknown MS VC++:1916

END.
